#
# There is insufficient memory for the Java Runtime Environment to continue.
# Native memory allocation (mmap) failed to map 190840832 bytes for G1 virtual space
# Possible reasons:
#   The system is out of physical RAM or swap space
#   The process is running with CompressedOops enabled, and the Java Heap may be blocking the growth of the native heap
# Possible solutions:
#   Reduce memory load on the system
#   Increase physical memory or swap space
#   Check if swap backing store is full
#   Decrease Java heap size (-Xmx/-Xms)
#   Decrease number of Java threads
#   Decrease Java thread stack sizes (-Xss)
#   Set larger code cache with -XX:ReservedCodeCacheSize=
#   JVM is running with Zero Based Compressed Oops mode in which the Java heap is
#     placed in the first 32GB address space. The Java Heap base address is the
#     maximum limit for the native heap growth. Please use -XX:HeapBaseMinAddress
#     to set the Java Heap base and to place the Java Heap above 32GB virtual address.
# This output file may be truncated or incomplete.
#
#  Out of Memory Error (os_windows.cpp:3829), pid=36732, tid=20404
#
# JRE version:  (17.0.8.1+7) (build )
# Java VM: OpenJDK 64-Bit Server VM (17.0.8.1+7-b1000.32, mixed mode, sharing, tiered, compressed oops, compressed class ptrs, g1 gc, windows-amd64)
# No core dump will be written. Minidumps are not enabled by default on client versions of Windows
#

---------------  S U M M A R Y ------------

Command Line: git4idea.http.GitAskPassApp Username for 'https://github.com': 

Host: AMD Ryzen 5 5600G with Radeon Graphics         , 12 cores, 11G,  Windows 11 , 64 bit Build 23570 (10.0.23570.1000)
Time: Wed Oct 25 22:35:38 2023 Mountain Daylight Time elapsed time: 0.021819 seconds (0d 0h 0m 0s)

---------------  T H R E A D  ---------------

Current thread (0x00000242b6e24c20):  JavaThread "Unknown thread" [_thread_in_vm, id=20404, stack(0x000000f52bb00000,0x000000f52bc00000)]

Stack: [0x000000f52bb00000,0x000000f52bc00000]
Native frames: (J=compiled Java code, j=interpreted, Vv=VM code, C=native code)
V  [jvm.dll+0x6852da]
V  [jvm.dll+0x844c84]
V  [jvm.dll+0x84659e]
V  [jvm.dll+0x846c03]
V  [jvm.dll+0x24b7cf]
V  [jvm.dll+0x682049]
V  [jvm.dll+0x67671a]
V  [jvm.dll+0x30be2b]
V  [jvm.dll+0x3132d6]
V  [jvm.dll+0x36302e]
V  [jvm.dll+0x36325f]
V  [jvm.dll+0x2e1f48]
V  [jvm.dll+0x2e2eb4]
V  [jvm.dll+0x815c11]
V  [jvm.dll+0x370df1]
V  [jvm.dll+0x7f4fdc]
V  [jvm.dll+0x3f3f1f]
V  [jvm.dll+0x3f5b31]
C  [jli.dll+0x528f]
C  [ucrtbase.dll+0x29363]
C  [KERNEL32.DLL+0x1257d]
C  [ntdll.dll+0x5aa78]


---------------  P R O C E S S  ---------------

Threads class SMR info:
_java_thread_list=0x00007ff9eb0b00d8, length=0, elements={
}

Java Threads: ( => current thread )

Other Threads:
  0x00000242b6e791b0 GCTaskThread "GC Thread#0" [stack: 0x000000f52bc00000,0x000000f52bd00000] [id=31480]
  0x00000242b6e85680 ConcurrentGCThread "G1 Main Marker" [stack: 0x000000f52bd00000,0x000000f52be00000] [id=35684]
  0x00000242b6e87410 ConcurrentGCThread "G1 Conc#0" [stack: 0x000000f52be00000,0x000000f52bf00000] [id=32160]

[error occurred during error reporting (printing all threads), id 0xc0000005, EXCEPTION_ACCESS_VIOLATION (0xc0000005) at pc=0x00007ff9ea862ab7]

VM state: not at safepoint (not fully initialized)

VM Mutex/Monitor currently owned by a thread:  ([mutex/lock_event])
[0x00000242b6e21070] Heap_lock - owner thread: 0x00000242b6e24c20

Heap address: 0x000000074a800000, size: 2904 MB, Compressed Oops mode: Zero based, Oop shift amount: 3

CDS archive(s) mapped at: [0x0000000000000000-0x0000000000000000-0x0000000000000000), size 0, SharedBaseAddress: 0x0000000800000000, ArchiveRelocationMode: 1.
Narrow klass base: 0x0000000000000000, Narrow klass shift: 0, Narrow klass range: 0x0

GC Precious Log:
<Empty>

Heap:
 garbage-first heap   total 0K, used 0K [0x000000074a800000, 0x0000000800000000)
  region size 2048K, 0 young (0K), 0 survivors (0K)
 Metaspace       used 0K, committed 0K, reserved 0K
  class space    used 0K, committed 0K, reserved 0K

Heap Regions: E=young(eden), S=young(survivor), O=old, HS=humongous(starts), HC=humongous(continues), CS=collection set, F=free, OA=open archive, CA=closed archive, TAMS=top-at-mark-start (previous, next)

Card table byte_map: [0x00000242ca060000,0x00000242ca610000] _byte_map_base: 0x00000242c660c000

Marking Bits (Prev, Next): (CMBitMap*) 0x00000242b6e797d0, (CMBitMap*) 0x00000242b6e79810
 Prev Bits: [0x00000242cabc0000, 0x00000242cd920000)
 Next Bits: [0x00000242cd920000, 0x00000242d0680000)

GC Heap History (0 events):
No events

Dll operation events (1 events):
Event: 0.011 Loaded shared library C:\Users\m-mot\AppData\Local\Programs\PhpStorm\jbr\bin\java.dll

Deoptimization events (0 events):
No events

Classes unloaded (0 events):
No events

Classes redefined (0 events):
No events

Internal exceptions (0 events):
No events

VM Operations (0 events):
No events

Events (0 events):
No events


Dynamic libraries:
0x00007ff7b72f0000 - 0x00007ff7b72fa000 	C:\Users\m-mot\AppData\Local\Programs\PhpStorm\jbr\bin\java.exe
0x00007ffa63f50000 - 0x00007ffa64167000 	C:\WINDOWS\SYSTEM32\ntdll.dll
0x00007ffa63090000 - 0x00007ffa63154000 	C:\WINDOWS\System32\KERNEL32.DLL
0x00007ffa613f0000 - 0x00007ffa61795000 	C:\WINDOWS\System32\KERNELBASE.dll
0x00007ffa612d0000 - 0x00007ffa613e1000 	C:\WINDOWS\System32\ucrtbase.dll
0x00007ffa47cb0000 - 0x00007ffa47ccb000 	C:\Users\m-mot\AppData\Local\Programs\PhpStorm\jbr\bin\VCRUNTIME140.dll
0x00007ffa5cc70000 - 0x00007ffa5cc87000 	C:\Users\m-mot\AppData\Local\Programs\PhpStorm\jbr\bin\jli.dll
0x00007ffa627f0000 - 0x00007ffa6299e000 	C:\WINDOWS\System32\USER32.dll
0x00007ffa61820000 - 0x00007ffa61846000 	C:\WINDOWS\System32\win32u.dll
0x00007ffa63000000 - 0x00007ffa63029000 	C:\WINDOWS\System32\GDI32.dll
0x00007ffa61980000 - 0x00007ffa61a98000 	C:\WINDOWS\System32\gdi32full.dll
0x00007ffa3c490000 - 0x00007ffa3c723000 	C:\WINDOWS\WinSxS\amd64_microsoft.windows.common-controls_6595b64144ccf1df_6.0.23570.1000_none_ec17f990fda47c48\COMCTL32.dll
0x00007ffa61aa0000 - 0x00007ffa61b3a000 	C:\WINDOWS\System32\msvcp_win.dll
0x00007ffa61e60000 - 0x00007ffa61f07000 	C:\WINDOWS\System32\msvcrt.dll
0x00007ffa63030000 - 0x00007ffa63061000 	C:\WINDOWS\System32\IMM32.DLL
0x000000006aed0000 - 0x000000006aedc000 	C:\Program Files (x86)\360\Total Security\safemon\SafeWrapper.dll
0x00007ffa61db0000 - 0x00007ffa61e60000 	C:\WINDOWS\System32\ADVAPI32.dll
0x00007ffa63d70000 - 0x00007ffa63e16000 	C:\WINDOWS\System32\sechost.dll
0x00007ffa62a00000 - 0x00007ffa62b17000 	C:\WINDOWS\System32\RPCRT4.dll
0x00007ffa119a0000 - 0x00007ffa11a32000 	C:\Program Files (x86)\360\Total Security\safemon\libzdtp64.dll
0x00007ffa61f10000 - 0x00007ffa62766000 	C:\WINDOWS\System32\SHELL32.dll
0x00007ffa629a0000 - 0x00007ffa629fe000 	C:\WINDOWS\System32\SHLWAPI.dll
0x00007ffa587a0000 - 0x00007ffa587aa000 	C:\WINDOWS\SYSTEM32\VERSION.dll
0x00007ffa50b10000 - 0x00007ffa50b1c000 	C:\Users\m-mot\AppData\Local\Programs\PhpStorm\jbr\bin\vcruntime140_1.dll
0x00007ffa03990000 - 0x00007ffa03a1d000 	C:\Users\m-mot\AppData\Local\Programs\PhpStorm\jbr\bin\msvcp140.dll
0x00007ff9ea570000 - 0x00007ff9eb1f3000 	C:\Users\m-mot\AppData\Local\Programs\PhpStorm\jbr\bin\server\jvm.dll
0x00007ffa576c0000 - 0x00007ffa576f4000 	C:\WINDOWS\SYSTEM32\WINMM.dll
0x00007ffa60ff0000 - 0x00007ffa6103d000 	C:\WINDOWS\SYSTEM32\POWRPROF.dll
0x00007ffa3da40000 - 0x00007ffa3da49000 	C:\WINDOWS\SYSTEM32\WSOCK32.dll
0x00007ffa63c00000 - 0x00007ffa63c71000 	C:\WINDOWS\System32\WS2_32.dll
0x00007ffa60f20000 - 0x00007ffa60f33000 	C:\WINDOWS\SYSTEM32\UMPDC.dll
0x00007ffa60270000 - 0x00007ffa60288000 	C:\WINDOWS\SYSTEM32\kernel.appcore.dll
0x00007ffa5cd30000 - 0x00007ffa5cd3a000 	C:\Users\m-mot\AppData\Local\Programs\PhpStorm\jbr\bin\jimage.dll
0x00007ffa56ab0000 - 0x00007ffa56cde000 	C:\WINDOWS\SYSTEM32\DBGHELP.DLL
0x00007ffa63190000 - 0x00007ffa6351a000 	C:\WINDOWS\System32\combase.dll
0x00007ffa63c90000 - 0x00007ffa63d67000 	C:\WINDOWS\System32\OLEAUT32.dll
0x00007ffa48100000 - 0x00007ffa48132000 	C:\WINDOWS\SYSTEM32\dbgcore.DLL
0x00007ffa617a0000 - 0x00007ffa6181a000 	C:\WINDOWS\System32\bcryptPrimitives.dll
0x00007ffa5cc90000 - 0x00007ffa5ccb5000 	C:\Users\m-mot\AppData\Local\Programs\PhpStorm\jbr\bin\java.dll

dbghelp: loaded successfully - version: 4.0.5 - missing functions: none
symbol engine: initialized successfully - sym options: 0x614 - pdb path: .;C:\Users\m-mot\AppData\Local\Programs\PhpStorm\jbr\bin;C:\WINDOWS\SYSTEM32;C:\WINDOWS\WinSxS\amd64_microsoft.windows.common-controls_6595b64144ccf1df_6.0.23570.1000_none_ec17f990fda47c48;C:\Program Files (x86)\360\Total Security\safemon;C:\Users\m-mot\AppData\Local\Programs\PhpStorm\jbr\bin\server

VM Arguments:
java_command: git4idea.http.GitAskPassApp Username for 'https://github.com': 
java_class_path (initial): C:/Users/m-mot/AppData/Local/Programs/PhpStorm/plugins/vcs-git/lib/git4idea-rt.jar;C:/Users/m-mot/AppData/Local/Programs/PhpStorm/lib/externalProcess-rt.jar
Launcher Type: SUN_STANDARD

[Global flags]
     intx CICompilerCount                          = 4                                         {product} {ergonomic}
     uint ConcGCThreads                            = 3                                         {product} {ergonomic}
     uint G1ConcRefinementThreads                  = 10                                        {product} {ergonomic}
   size_t G1HeapRegionSize                         = 2097152                                   {product} {ergonomic}
    uintx GCDrainStackTargetSize                   = 64                                        {product} {ergonomic}
   size_t InitialHeapSize                          = 190840832                                 {product} {ergonomic}
   size_t MarkStackSize                            = 4194304                                   {product} {ergonomic}
   size_t MaxHeapSize                              = 3045064704                                {product} {ergonomic}
   size_t MinHeapDeltaBytes                        = 2097152                                   {product} {ergonomic}
   size_t MinHeapSize                              = 8388608                                   {product} {ergonomic}
    uintx NonNMethodCodeHeapSize                   = 5839372                                {pd product} {ergonomic}
    uintx NonProfiledCodeHeapSize                  = 122909434                              {pd product} {ergonomic}
    uintx ProfiledCodeHeapSize                     = 122909434                              {pd product} {ergonomic}
    uintx ReservedCodeCacheSize                    = 251658240                              {pd product} {ergonomic}
     bool SegmentedCodeCache                       = true                                      {product} {ergonomic}
   size_t SoftMaxHeapSize                          = 3045064704                             {manageable} {ergonomic}
     bool UseCompressedClassPointers               = true                           {product lp64_product} {ergonomic}
     bool UseCompressedOops                        = true                           {product lp64_product} {ergonomic}
     bool UseG1GC                                  = true                                      {product} {ergonomic}
     bool UseLargePagesIndividualAllocation        = false                                  {pd product} {ergonomic}

Logging:
Log output configuration:
 #0: stdout all=warning uptime,level,tags
 #1: stderr all=off uptime,level,tags

Environment Variables:
PATH=C:/Program Files/Git/mingw64/libexec/git-core;C:/Program Files/Git/mingw64/libexec/git-core;C:\Program Files\Git\mingw64\bin;C:\Program Files\Git\usr\bin;C:\Users\m-mot\bin;C:\Program Files\Microsoft\jdk-11.0.16.101-hotspot\bin;C:\Program Files (x86)\Razer Chroma SDK\bin;C:\Program Files\Razer Chroma SDK\bin;C:\Program Files\Common Files\Oracle\Java\javapath;C:\Program Files (x86)\VMware\VMware Workstation\bin\;C:\Program Files\Eclipse Foundation\jdk-8.0.302.8-hotspot\bin;C:\Program Files\Microsoft\jdk-11.0.12.7-hotspot\bin;C:\sqlite-dll-win64-x64-3390400;C:\Users\m-mot\AppData\Local\Programs\Python\Python311\Scripts\;C:\Users\m-mot\AppData\Local\Programs\Python\Python311\;C:\bin;C:\Windows\System32;C:\Windows;C:\Windows\System32\wbem;C:\Windows\System32\WindowsPowerShell\v1.0\;C:\Windows\System32\OpenSSH\;C:\ProgramData\chocolatey\bin;C:\Program Files (x86)\Microsoft SQL Server\150\Tools\Binn\;C:\Program Files\Microsoft SQL Server\150\Tools\Binn\;C:\Program Files (x86)\Microsoft SQL Server\150\DTS\Binn\;C:\Program Files\Microsoft SQL Server\150\DTS\Binn\;C:\Program Files\Microsoft SQL Server\Client SDK\ODBC\170\Tools\Binn\;C:\php;C:\composer;C:\Program Files (x86)\Microsoft SQL Server\160\DTS\Binn\;C:\Program Files\PuTTY\;C:\jar;C:\Program Files\PostgreSQL\15\bin;C:\Program Files\Docker\Docker\resources\bin;C:\Users\m-mot\AppData\Local\Android\Sdk;C:\src\flutter\bin;D:\sdk;C:\Program Files\Mullvad VPN\resources;C:\Program Files\Micron Technology\Micron Storage Executive;C:\Program Files\MySQL\MySQL Shell 8.0\bin;C:\Program Files\MySQL\MySQL Server 8.0\bin;C:\Program Files\MySQL\MySQL Workbench 8.0;C:\Program Files (x86)\gnupg\bin;C:\Program Files\GitHub CLI\;C:\Program Files\dotnet\;C:\jdk-21\bin;C:\Program Files\Perforce\;C:\Program Files\MySQL\MySQL Shell 8.0\bin\;C:\Users\m-mot\AppData\Local\Microsoft\WindowsApps;C:\Users\m-mot\AppData\Roaming\Composer\vendor\bin;C:\Users\m-mot\AppData\Local\Programs\Microsoft VS Code Insiders\bin;C:\Users\m-mot\AppData\Local\
USERNAME=m-mot
DISPLAY=:0.0
LC_ALL=en_US.UTF-8
TERM=xterm-256color
TMPDIR=C:\Users\m-mot\AppData\Local\Temp
OS=Windows_NT
PROCESSOR_IDENTIFIER=AMD64 Family 25 Model 80 Stepping 0, AuthenticAMD
TMP=C:\Users\m-mot\AppData\Local\Temp
TEMP=C:\Users\m-mot\AppData\Local\Temp


JNI global refs:
JNI global refs: 0, weak refs: 0

JNI global refs memory usage: 0, weak refs: 0

OOME stack traces (most recent first):
Classloader memory used:


---------------  S Y S T E M  ---------------

OS:
 Windows 11 , 64 bit Build 23570 (10.0.23570.1000)
OS uptime: 3 days 3:18 hours
Hyper-V role detected

CPU: total 12 (initial active 12) (12 cores per cpu, 2 threads per core) family 25 model 80 stepping 0 microcode 0x0, cx8, cmov, fxsr, ht, mmx, 3dnowpref, sse, sse2, sse3, ssse3, sse4a, sse4.1, sse4.2, popcnt, lzcnt, tsc, tscinvbit, avx, avx2, aes, erms, clmul, bmi1, bmi2, adx, sha, fma, vzeroupper, clflush, clflushopt, hv
Processor Information for all 12 processors :
  Max Mhz: 3900, Current Mhz: 3900, Mhz Limit: 3900

Memory: 4k page, system-wide physical 11615M (437M free)
TotalPageFile size 48479M (AvailPageFile size 16M)
current process WorkingSet (physical memory assigned to process): 12M, peak: 12M
current process commit charge ("private bytes"): 64M, peak: 246M

vm_info: OpenJDK 64-Bit Server VM (17.0.8.1+7-b1000.32) for windows-amd64 JRE (17.0.8.1+7-b1000.32), built on 2023-09-15 by "builduser" with MS VC++ 16.10 / 16.11 (VS2019)

END.
